This file contains any messages produced by compilers while
running configure, to aid debugging if configure makes a mistake.

It was created by alsa-lib configure 1.0.28, which was
generated by GNU Autoconf 2.69.  Invocation command line was

  $ ./configure --target=arm-buildroot-linux-gnueabihf --host=arm-buildroot-linux-gnueabihf --build=x86_64-unknown-linux-gnu --prefix=/usr --exec-prefix=/usr --sysconfdir=/etc --localstatedir=/var --program-prefix= --disable-gtk-doc --disable-gtk-doc-html --disable-doc --disable-docs --disable-documentation --with-xmlto=no --with-fop=no --disable-dependency-tracking --enable-ipv6 --disable-debug --disable-static --enable-shared --with-alsa-devdir=/dev/snd --with-pcm-plugins=all --with-ctl-plugins=all --without-versioned --enable-static=no --disable-python

## --------- ##
## Platform. ##
## --------- ##

hostname = ubuntu
uname -m = x86_64
uname -r = 3.13.0-32-generic
uname -s = Linux
uname -v = #57~precise1-Ubuntu SMP Tue Jul 15 03:51:20 UTC 2014

/usr/bin/uname -p = unknown
/bin/uname -X     = unknown

/bin/arch              = unknown
/usr/bin/arch -k       = unknown
/usr/convex/getsysinfo = unknown
/usr/bin/hostinfo      = unknown
/bin/machine           = unknown
/usr/bin/oslevel       = unknown
/bin/universe          = unknown

PATH: /home/hliang/workspace/adi/buildroot/output/host/bin
PATH: /home/hliang/workspace/adi/buildroot/output/host/sbin
PATH: /home/hliang/workspace/adi/buildroot/output/host/usr/bin
PATH: /home/hliang/workspace/adi/buildroot/output/host/usr/sbin
PATH: /usr/lib/lightdm/lightdm
PATH: /usr/local/sbin
PATH: /usr/local/bin
PATH: /usr/sbin
PATH: /usr/bin
PATH: /sbin
PATH: /bin
PATH: /usr/games
PATH: /opt/arm-linux-gnueabi/bin
PATH: /opt/arm-linux-gnueabi/bin


## ----------- ##
## Core tests. ##
## ----------- ##

configure:2425: checking build system type
configure:2439: result: x86_64-unknown-linux-gnu
configure:2459: checking host system type
configure:2472: result: arm-buildroot-linux-gnueabihf
configure:2508: checking for a BSD-compatible install
configure:2576: result: /usr/bin/install -c
configure:2587: checking whether build environment is sane
configure:2642: result: yes
configure:2701: checking for arm-buildroot-linux-gnueabihf-strip
configure:2728: result: /home/hliang/workspace/adi/buildroot/output/host/usr/bin/arm-linux-gnueabi-strip
configure:2793: checking for a thread-safe mkdir -p
configure:2832: result: /bin/mkdir -p
configure:2839: checking for gawk
configure:2869: result: no
configure:2839: checking for mawk
configure:2855: found /usr/bin/mawk
configure:2866: result: mawk
configure:2877: checking whether make sets $(MAKE)
configure:2899: result: yes
configure:2928: checking whether make supports nested variables
configure:2945: result: yes
configure:3082: checking whether to enable maintainer-specific portions of Makefiles
configure:3091: result: yes
configure:3117: checking whether make supports nested variables
configure:3134: result: yes
configure:3175: checking for arm-buildroot-linux-gnueabihf-gcc
configure:3202: result: /home/hliang/workspace/adi/buildroot/output/host/usr/bin/arm-linux-gnueabi-gcc
configure:3471: checking for C compiler version
configure:3480: /home/hliang/workspace/adi/buildroot/output/host/usr/bin/arm-linux-gnueabi-gcc --version >&5
arm-linux-gnueabi-gcc (Analog Devices Inc. ARM Tools (e596c0da91703b047df99f5513ef7b75997a3e86). Distributed as part of CrossCore Embedded Studio and associated add-ins. jenkins-LINUXADDIN1_0_0_arm_linux_gnueabi_toolchain-192 2015-08-13_17-16-40 edin-stoke) 4.8.3
Copyright (C) 2013 Free Software Foundation, Inc.
This is free software; see the source for copying conditions.  There is NO
warranty; not even for MERCHANTABILITY or FITNESS FOR A PARTICULAR PURPOSE.

configure:3491: $? = 0
configure:3480: /home/hliang/workspace/adi/buildroot/output/host/usr/bin/arm-linux-gnueabi-gcc -v >&5
Using built-in specs.
COLLECT_GCC=/opt/arm-linux-gnueabi/bin/arm-linux-gnueabi-gcc
COLLECT_LTO_WRAPPER=/opt/arm-linux-gnueabi/bin/../libexec/gcc/arm-linux-gnueabi/4.8.3/lto-wrapper
Target: arm-linux-gnueabi
Configured with: /home/comptest/jenkins/workspace/LINUXADDIN1_0_0_arm_linux_gnueabi_toolchain/gnu-arm/src/gcc-linaro-4.8-2014.04/configure --with-pkgversion='Analog Devices Inc. ARM Tools (e596c0da91703b047df99f5513ef7b75997a3e86). Distributed as part of CrossCore Embedded Studio and associated add-ins. jenkins-LINUXADDIN1_0_0_arm_linux_gnueabi_toolchain-192 2015-08-13_17-16-40 edin-stoke' --with-bugurl=processor.tools.support@analog.com --target=arm-linux-gnueabi --host=i686-pc-linux-gnu --build=i686-pc-linux-gnu --prefix=/home/comptest/jenkins/workspace/LINUXADDIN1_0_0_arm_linux_gnueabi_toolchain/gnu-arm/output/toolchain_arm/4.8/ARM/arm-linux-gnueabi --enable-multilib --enable-checking=release --with-gmp=/home/comptest/jenkins/workspace/LINUXADDIN1_0_0_arm_linux_gnueabi_toolchain/gnu-arm/build/i686-pc-linux-gnu --with-mpfr=/home/comptest/jenkins/workspace/LINUXADDIN1_0_0_arm_linux_gnueabi_toolchain/gnu-arm/build/i686-pc-linux-gnu --with-mpc=/home/comptest/jenkins/workspace/LINUXADDIN1_0_0_arm_linux_gnueabi_toolchain/gnu-arm/build/i686-pc-linux-gnu --with-stage1-libs='-L/home/comptest/jenkins/workspace/LINUXADDIN1_0_0_arm_linux_gnueabi_toolchain/gnu-arm/build/i686-pc-linux-gnu/lib -lexpat -static-libstdc++ -static-libgcc -lstdc++' --with-cloog=/home/comptest/jenkins/workspace/LINUXADDIN1_0_0_arm_linux_gnueabi_toolchain/gnu-arm/build/i686-pc-linux-gnu --with-isl=/home/comptest/jenkins/workspace/LINUXADDIN1_0_0_arm_linux_gnueabi_toolchain/gnu-arm/build/i686-pc-linux-gnu --enable-clocale=gnu --enable-shared --enable-threads=posix --enable-__cxa_atexit --enable-languages=c,c++ --disable-libstdcxx-pch --without-ppl --with-system-zlib --with-mode=thumb --with-sysroot=/home/comptest/jenkins/workspace/LINUXADDIN1_0_0_arm_linux_gnueabi_toolchain/gnu-arm/output/toolchain_arm/4.8/ARM/arm-linux-gnueabi/sysroot CFLAGS='-DADI_CHANGES -O2' 'NEWLIB_CFLAGS=-DADI_CHANGES -O2' 'CFLAGS_FOR_TARGET=-DADI_CHANGES -O2 '
Thread model: posix
gcc version 4.8.3 (Analog Devices Inc. ARM Tools (e596c0da91703b047df99f5513ef7b75997a3e86). Distributed as part of CrossCore Embedded Studio and associated add-ins. jenkins-LINUXADDIN1_0_0_arm_linux_gnueabi_toolchain-192 2015-08-13_17-16-40 edin-stoke) 
configure:3491: $? = 0
configure:3480: /home/hliang/workspace/adi/buildroot/output/host/usr/bin/arm-linux-gnueabi-gcc -V >&5
arm-linux-gnueabi-gcc: error: unrecognized command line option '-V'
arm-linux-gnueabi-gcc: fatal error: no input files
compilation terminated.
configure:3491: $? = 1
configure:3480: /home/hliang/workspace/adi/buildroot/output/host/usr/bin/arm-linux-gnueabi-gcc -qversion >&5
arm-linux-gnueabi-gcc: error: unrecognized command line option '-qversion'
arm-linux-gnueabi-gcc: fatal error: no input files
compilation terminated.
configure:3491: $? = 1
configure:3511: checking whether the C compiler works
configure:3533: /home/hliang/workspace/adi/buildroot/output/host/usr/bin/arm-linux-gnueabi-gcc -D_LARGEFILE_SOURCE -D_LARGEFILE64_SOURCE -D_FILE_OFFSET_BITS=64   -Os  -D_GNU_SOURCE -D_LARGEFILE_SOURCE -D_LARGEFILE64_SOURCE -D_FILE_OFFSET_BITS=64  -lm conftest.c  >&5
configure:3537: $? = 0
configure:3585: result: yes
configure:3588: checking for C compiler default output file name
configure:3590: result: a.out
configure:3596: checking for suffix of executables
configure:3603: /home/hliang/workspace/adi/buildroot/output/host/usr/bin/arm-linux-gnueabi-gcc -o conftest -D_LARGEFILE_SOURCE -D_LARGEFILE64_SOURCE -D_FILE_OFFSET_BITS=64   -Os  -D_GNU_SOURCE -D_LARGEFILE_SOURCE -D_LARGEFILE64_SOURCE -D_FILE_OFFSET_BITS=64  -lm conftest.c  >&5
configure:3607: $? = 0
configure:3629: result: 
configure:3651: checking whether we are cross compiling
configure:3689: result: yes
configure:3694: checking for suffix of object files
configure:3716: /home/hliang/workspace/adi/buildroot/output/host/usr/bin/arm-linux-gnueabi-gcc -c -D_LARGEFILE_SOURCE -D_LARGEFILE64_SOURCE -D_FILE_OFFSET_BITS=64   -Os  -D_GNU_SOURCE -D_LARGEFILE_SOURCE -D_LARGEFILE64_SOURCE -D_FILE_OFFSET_BITS=64 conftest.c >&5
configure:3720: $? = 0
configure:3741: result: o
configure:3745: checking whether we are using the GNU C compiler
configure:3764: /home/hliang/workspace/adi/buildroot/output/host/usr/bin/arm-linux-gnueabi-gcc -c -D_LARGEFILE_SOURCE -D_LARGEFILE64_SOURCE -D_FILE_OFFSET_BITS=64   -Os  -D_GNU_SOURCE -D_LARGEFILE_SOURCE -D_LARGEFILE64_SOURCE -D_FILE_OFFSET_BITS=64 conftest.c >&5
configure:3764: $? = 0
configure:3773: result: yes
configure:3782: checking whether /home/hliang/workspace/adi/buildroot/output/host/usr/bin/arm-linux-gnueabi-gcc accepts -g
configure:3802: /home/hliang/workspace/adi/buildroot/output/host/usr/bin/arm-linux-gnueabi-gcc -c -g -D_LARGEFILE_SOURCE -D_LARGEFILE64_SOURCE -D_FILE_OFFSET_BITS=64 conftest.c >&5
configure:3802: $? = 0
configure:3843: result: yes
configure:3860: checking for /home/hliang/workspace/adi/buildroot/output/host/usr/bin/arm-linux-gnueabi-gcc option to accept ISO C89
configure:3923: /home/hliang/workspace/adi/buildroot/output/host/usr/bin/arm-linux-gnueabi-gcc  -c -D_LARGEFILE_SOURCE -D_LARGEFILE64_SOURCE -D_FILE_OFFSET_BITS=64   -Os  -D_GNU_SOURCE -D_LARGEFILE_SOURCE -D_LARGEFILE64_SOURCE -D_FILE_OFFSET_BITS=64 conftest.c >&5
configure:3923: $? = 0
configure:3936: result: none needed
configure:3961: checking whether /home/hliang/workspace/adi/buildroot/output/host/usr/bin/arm-linux-gnueabi-gcc understands -c and -o together
configure:3983: /home/hliang/workspace/adi/buildroot/output/host/usr/bin/arm-linux-gnueabi-gcc -c conftest.c -o conftest2.o
configure:3986: $? = 0
configure:3983: /home/hliang/workspace/adi/buildroot/output/host/usr/bin/arm-linux-gnueabi-gcc -c conftest.c -o conftest2.o
configure:3986: $? = 0
configure:3998: result: yes
configure:4026: checking for style of include used by make
configure:4054: result: GNU
configure:4080: checking dependency style of /home/hliang/workspace/adi/buildroot/output/host/usr/bin/arm-linux-gnueabi-gcc
configure:4191: result: none
configure:4211: checking how to run the C preprocessor
configure:4281: result: /home/hliang/workspace/adi/buildroot/output/host/usr/bin/arm-linux-gnueabi-cpp
configure:4301: /home/hliang/workspace/adi/buildroot/output/host/usr/bin/arm-linux-gnueabi-cpp -D_LARGEFILE_SOURCE -D_LARGEFILE64_SOURCE -D_FILE_OFFSET_BITS=64 conftest.c
configure:4301: $? = 0
configure:4315: /home/hliang/workspace/adi/buildroot/output/host/usr/bin/arm-linux-gnueabi-cpp -D_LARGEFILE_SOURCE -D_LARGEFILE64_SOURCE -D_FILE_OFFSET_BITS=64 conftest.c
conftest.c:11:28: fatal error: ac_nonexistent.h: No such file or directory
 #include <ac_nonexistent.h>
                            ^
compilation terminated.
configure:4315: $? = 1
configure: failed program was:
| /* confdefs.h */
| #define PACKAGE_NAME "alsa-lib"
| #define PACKAGE_TARNAME "alsa-lib"
| #define PACKAGE_VERSION "1.0.28"
| #define PACKAGE_STRING "alsa-lib 1.0.28"
| #define PACKAGE_BUGREPORT ""
| #define PACKAGE_URL ""
| #define PACKAGE "alsa-lib"
| #define VERSION "1.0.28"
| /* end confdefs.h.  */
| #include <ac_nonexistent.h>
configure:4344: checking whether ln -s works
configure:4348: result: yes
configure:4436: checking how to print strings
configure:4463: result: printf
configure:4484: checking for a sed that does not truncate output
configure:4548: result: /bin/sed
configure:4566: checking for grep that handles long lines and -e
configure:4624: result: /bin/grep
configure:4629: checking for egrep
configure:4691: result: /bin/grep -E
configure:4696: checking for fgrep
configure:4758: result: /bin/grep -F
configure:4793: checking for ld used by /home/hliang/workspace/adi/buildroot/output/host/usr/bin/arm-linux-gnueabi-gcc
configure:4860: result: /home/hliang/workspace/adi/buildroot/output/host/usr/bin/arm-linux-gnueabi-ld
configure:4867: checking if the linker (/home/hliang/workspace/adi/buildroot/output/host/usr/bin/arm-linux-gnueabi-ld) is GNU ld
configure:4882: result: yes
configure:4894: checking for BSD- or MS-compatible name lister (nm)
configure:4948: result: /home/hliang/workspace/adi/buildroot/output/host/usr/bin/arm-linux-gnueabi-nm
configure:5078: checking the name lister (/home/hliang/workspace/adi/buildroot/output/host/usr/bin/arm-linux-gnueabi-nm) interface
configure:5085: /home/hliang/workspace/adi/buildroot/output/host/usr/bin/arm-linux-gnueabi-gcc -c -D_LARGEFILE_SOURCE -D_LARGEFILE64_SOURCE -D_FILE_OFFSET_BITS=64   -Os  -D_GNU_SOURCE -D_LARGEFILE_SOURCE -D_LARGEFILE64_SOURCE -D_FILE_OFFSET_BITS=64 conftest.c >&5
configure:5088: /home/hliang/workspace/adi/buildroot/output/host/usr/bin/arm-linux-gnueabi-nm "conftest.o"
configure:5091: output
00000000 B some_variable
configure:5098: result: BSD nm
configure:5102: checking the maximum length of command line arguments
configure:5233: result: 3458764513820540925
configure:5281: checking how to convert x86_64-unknown-linux-gnu file names to arm-buildroot-linux-gnueabihf format
configure:5321: result: func_convert_file_noop
configure:5328: checking how to convert x86_64-unknown-linux-gnu file names to toolchain format
configure:5348: result: func_convert_file_noop
configure:5355: checking for /home/hliang/workspace/adi/buildroot/output/host/usr/bin/arm-linux-gnueabi-ld option to reload object files
configure:5362: result: -r
configure:5396: checking for arm-buildroot-linux-gnueabihf-objdump
configure:5423: result: /home/hliang/workspace/adi/buildroot/output/host/usr/bin/arm-linux-gnueabi-objdump
configure:5495: checking how to recognize dependent libraries
configure:5695: result: pass_all
configure:5740: checking for arm-buildroot-linux-gnueabihf-dlltool
configure:5770: result: no
configure:5780: checking for dlltool
configure:5810: result: no
configure:5840: checking how to associate runtime and link libraries
configure:5867: result: printf %s\n
configure:5884: checking for arm-buildroot-linux-gnueabihf-ar
configure:5911: result: /home/hliang/workspace/adi/buildroot/output/host/usr/bin/arm-linux-gnueabi-ar
configure:5992: checking for archiver @FILE support
configure:6009: /home/hliang/workspace/adi/buildroot/output/host/usr/bin/arm-linux-gnueabi-gcc -c -D_LARGEFILE_SOURCE -D_LARGEFILE64_SOURCE -D_FILE_OFFSET_BITS=64   -Os  -D_GNU_SOURCE -D_LARGEFILE_SOURCE -D_LARGEFILE64_SOURCE -D_FILE_OFFSET_BITS=64 conftest.c >&5
configure:6009: $? = 0
configure:6012: /home/hliang/workspace/adi/buildroot/output/host/usr/bin/arm-linux-gnueabi-ar cru libconftest.a @conftest.lst >&5
configure:6015: $? = 0
configure:6020: /home/hliang/workspace/adi/buildroot/output/host/usr/bin/arm-linux-gnueabi-ar cru libconftest.a @conftest.lst >&5
/home/hliang/workspace/adi/buildroot/output/host/usr/bin/arm-linux-gnueabi-ar: conftest.o: No such file or directory
configure:6023: $? = 1
configure:6035: result: @
configure:6053: checking for arm-buildroot-linux-gnueabihf-strip
configure:6080: result: /home/hliang/workspace/adi/buildroot/output/host/usr/bin/arm-linux-gnueabi-strip
configure:6152: checking for arm-buildroot-linux-gnueabihf-ranlib
configure:6179: result: /home/hliang/workspace/adi/buildroot/output/host/usr/bin/arm-linux-gnueabi-ranlib
configure:6321: checking command to parse /home/hliang/workspace/adi/buildroot/output/host/usr/bin/arm-linux-gnueabi-nm output from /home/hliang/workspace/adi/buildroot/output/host/usr/bin/arm-linux-gnueabi-gcc object
configure:6474: /home/hliang/workspace/adi/buildroot/output/host/usr/bin/arm-linux-gnueabi-gcc -c -D_LARGEFILE_SOURCE -D_LARGEFILE64_SOURCE -D_FILE_OFFSET_BITS=64   -Os  -D_GNU_SOURCE -D_LARGEFILE_SOURCE -D_LARGEFILE64_SOURCE -D_FILE_OFFSET_BITS=64 conftest.c >&5
configure:6477: $? = 0
configure:6481: /home/hliang/workspace/adi/buildroot/output/host/usr/bin/arm-linux-gnueabi-nm conftest.o \| sed -n -e 's/^.*[ ]\([ABCDGIRSTW][ABCDGIRSTW]*\)[ ][ ]*\([_A-Za-z][_A-Za-z0-9]*\)$/\1 \2 \2/p' | sed '/ __gnu_lto/d' \> conftest.nm
configure:6484: $? = 0
configure:6550: /home/hliang/workspace/adi/buildroot/output/host/usr/bin/arm-linux-gnueabi-gcc -o conftest -D_LARGEFILE_SOURCE -D_LARGEFILE64_SOURCE -D_FILE_OFFSET_BITS=64   -Os  -D_GNU_SOURCE -D_LARGEFILE_SOURCE -D_LARGEFILE64_SOURCE -D_FILE_OFFSET_BITS=64  -lm conftest.c conftstm.o >&5
configure:6553: $? = 0
configure:6591: result: ok
configure:6638: checking for sysroot
configure:6668: result: no
configure:6675: checking for a working dd
configure:6713: result: /bin/dd
configure:6717: checking how to truncate binary pipes
configure:6732: result: /bin/dd bs=4096 count=1
configure:7021: checking for arm-buildroot-linux-gnueabihf-mt
configure:7051: result: no
configure:7061: checking for mt
configure:7077: found /bin/mt
configure:7088: result: mt
configure:7100: WARNING: using cross tools not prefixed with host triplet
configure:7111: checking if mt is a manifest tool
configure:7117: mt '-?'
configure:7125: result: no
configure:7798: checking for ANSI C header files
configure:7818: /home/hliang/workspace/adi/buildroot/output/host/usr/bin/arm-linux-gnueabi-gcc -c -D_LARGEFILE_SOURCE -D_LARGEFILE64_SOURCE -D_FILE_OFFSET_BITS=64   -Os  -D_GNU_SOURCE -D_LARGEFILE_SOURCE -D_LARGEFILE64_SOURCE -D_FILE_OFFSET_BITS=64 conftest.c >&5
configure:7818: $? = 0
configure:7902: result: yes
configure:7915: checking for sys/types.h
configure:7915: /home/hliang/workspace/adi/buildroot/output/host/usr/bin/arm-linux-gnueabi-gcc -c -D_LARGEFILE_SOURCE -D_LARGEFILE64_SOURCE -D_FILE_OFFSET_BITS=64   -Os  -D_GNU_SOURCE -D_LARGEFILE_SOURCE -D_LARGEFILE64_SOURCE -D_FILE_OFFSET_BITS=64 conftest.c >&5
configure:7915: $? = 0
configure:7915: result: yes
configure:7915: checking for sys/stat.h
configure:7915: /home/hliang/workspace/adi/buildroot/output/host/usr/bin/arm-linux-gnueabi-gcc -c -D_LARGEFILE_SOURCE -D_LARGEFILE64_SOURCE -D_FILE_OFFSET_BITS=64   -Os  -D_GNU_SOURCE -D_LARGEFILE_SOURCE -D_LARGEFILE64_SOURCE -D_FILE_OFFSET_BITS=64 conftest.c >&5
configure:7915: $? = 0
configure:7915: result: yes
configure:7915: checking for stdlib.h
configure:7915: /home/hliang/workspace/adi/buildroot/output/host/usr/bin/arm-linux-gnueabi-gcc -c -D_LARGEFILE_SOURCE -D_LARGEFILE64_SOURCE -D_FILE_OFFSET_BITS=64   -Os  -D_GNU_SOURCE -D_LARGEFILE_SOURCE -D_LARGEFILE64_SOURCE -D_FILE_OFFSET_BITS=64 conftest.c >&5
configure:7915: $? = 0
configure:7915: result: yes
configure:7915: checking for string.h
configure:7915: /home/hliang/workspace/adi/buildroot/output/host/usr/bin/arm-linux-gnueabi-gcc -c -D_LARGEFILE_SOURCE -D_LARGEFILE64_SOURCE -D_FILE_OFFSET_BITS=64   -Os  -D_GNU_SOURCE -D_LARGEFILE_SOURCE -D_LARGEFILE64_SOURCE -D_FILE_OFFSET_BITS=64 conftest.c >&5
configure:7915: $? = 0
configure:7915: result: yes
configure:7915: checking for memory.h
configure:7915: /home/hliang/workspace/adi/buildroot/output/host/usr/bin/arm-linux-gnueabi-gcc -c -D_LARGEFILE_SOURCE -D_LARGEFILE64_SOURCE -D_FILE_OFFSET_BITS=64   -Os  -D_GNU_SOURCE -D_LARGEFILE_SOURCE -D_LARGEFILE64_SOURCE -D_FILE_OFFSET_BITS=64 conftest.c >&5
configure:7915: $? = 0
configure:7915: result: yes
configure:7915: checking for strings.h
configure:7915: /home/hliang/workspace/adi/buildroot/output/host/usr/bin/arm-linux-gnueabi-gcc -c -D_LARGEFILE_SOURCE -D_LARGEFILE64_SOURCE -D_FILE_OFFSET_BITS=64   -Os  -D_GNU_SOURCE -D_LARGEFILE_SOURCE -D_LARGEFILE64_SOURCE -D_FILE_OFFSET_BITS=64 conftest.c >&5
configure:7915: $? = 0
configure:7915: result: yes
configure:7915: checking for inttypes.h
configure:7915: /home/hliang/workspace/adi/buildroot/output/host/usr/bin/arm-linux-gnueabi-gcc -c -D_LARGEFILE_SOURCE -D_LARGEFILE64_SOURCE -D_FILE_OFFSET_BITS=64   -Os  -D_GNU_SOURCE -D_LARGEFILE_SOURCE -D_LARGEFILE64_SOURCE -D_FILE_OFFSET_BITS=64 conftest.c >&5
configure:7915: $? = 0
configure:7915: result: yes
configure:7915: checking for stdint.h
configure:7915: /home/hliang/workspace/adi/buildroot/output/host/usr/bin/arm-linux-gnueabi-gcc -c -D_LARGEFILE_SOURCE -D_LARGEFILE64_SOURCE -D_FILE_OFFSET_BITS=64   -Os  -D_GNU_SOURCE -D_LARGEFILE_SOURCE -D_LARGEFILE64_SOURCE -D_FILE_OFFSET_BITS=64 conftest.c >&5
configure:7915: $? = 0
configure:7915: result: yes
configure:7915: checking for unistd.h
configure:7915: /home/hliang/workspace/adi/buildroot/output/host/usr/bin/arm-linux-gnueabi-gcc -c -D_LARGEFILE_SOURCE -D_LARGEFILE64_SOURCE -D_FILE_OFFSET_BITS=64   -Os  -D_GNU_SOURCE -D_LARGEFILE_SOURCE -D_LARGEFILE64_SOURCE -D_FILE_OFFSET_BITS=64 conftest.c >&5
configure:7915: $? = 0
configure:7915: result: yes
configure:7929: checking for dlfcn.h
configure:7929: /home/hliang/workspace/adi/buildroot/output/host/usr/bin/arm-linux-gnueabi-gcc -c -D_LARGEFILE_SOURCE -D_LARGEFILE64_SOURCE -D_FILE_OFFSET_BITS=64   -Os  -D_GNU_SOURCE -D_LARGEFILE_SOURCE -D_LARGEFILE64_SOURCE -D_FILE_OFFSET_BITS=64 conftest.c >&5
configure:7929: $? = 0
configure:7929: result: yes
configure:8153: checking for objdir
configure:8168: result: .libs
configure:8428: checking if /home/hliang/workspace/adi/buildroot/output/host/usr/bin/arm-linux-gnueabi-gcc supports -fno-rtti -fno-exceptions
configure:8446: /home/hliang/workspace/adi/buildroot/output/host/usr/bin/arm-linux-gnueabi-gcc -c -D_LARGEFILE_SOURCE -D_LARGEFILE64_SOURCE -D_FILE_OFFSET_BITS=64   -Os  -D_GNU_SOURCE -D_LARGEFILE_SOURCE -D_LARGEFILE64_SOURCE -D_FILE_OFFSET_BITS=64 -fno-rtti -fno-exceptions conftest.c >&5
cc1: warning: command line option '-fno-rtti' is valid for C++/ObjC++ but not for C [enabled by default]
configure:8450: $? = 0
configure:8463: result: no
configure:8821: checking for /home/hliang/workspace/adi/buildroot/output/host/usr/bin/arm-linux-gnueabi-gcc option to produce PIC
configure:8828: result: -fPIC -DPIC
configure:8836: checking if /home/hliang/workspace/adi/buildroot/output/host/usr/bin/arm-linux-gnueabi-gcc PIC flag -fPIC -DPIC works
configure:8854: /home/hliang/workspace/adi/buildroot/output/host/usr/bin/arm-linux-gnueabi-gcc -c -D_LARGEFILE_SOURCE -D_LARGEFILE64_SOURCE -D_FILE_OFFSET_BITS=64   -Os  -D_GNU_SOURCE -D_LARGEFILE_SOURCE -D_LARGEFILE64_SOURCE -D_FILE_OFFSET_BITS=64 -fPIC -DPIC -DPIC conftest.c >&5
configure:8858: $? = 0
configure:8871: result: yes
configure:8900: checking if /home/hliang/workspace/adi/buildroot/output/host/usr/bin/arm-linux-gnueabi-gcc static flag -static works
configure:8928: result: yes
configure:8943: checking if /home/hliang/workspace/adi/buildroot/output/host/usr/bin/arm-linux-gnueabi-gcc supports -c -o file.o
configure:8964: /home/hliang/workspace/adi/buildroot/output/host/usr/bin/arm-linux-gnueabi-gcc -c -D_LARGEFILE_SOURCE -D_LARGEFILE64_SOURCE -D_FILE_OFFSET_BITS=64   -Os  -D_GNU_SOURCE -D_LARGEFILE_SOURCE -D_LARGEFILE64_SOURCE -D_FILE_OFFSET_BITS=64 -o out/conftest2.o conftest.c >&5
configure:8968: $? = 0
configure:8990: result: yes
configure:8998: checking if /home/hliang/workspace/adi/buildroot/output/host/usr/bin/arm-linux-gnueabi-gcc supports -c -o file.o
configure:9045: result: yes
configure:9078: checking whether the /home/hliang/workspace/adi/buildroot/output/host/usr/bin/arm-linux-gnueabi-gcc linker (/home/hliang/workspace/adi/buildroot/output/host/usr/bin/arm-linux-gnueabi-ld) supports shared libraries
configure:10337: result: yes
configure:10374: checking whether -lc should be explicitly linked in
configure:10382: /home/hliang/workspace/adi/buildroot/output/host/usr/bin/arm-linux-gnueabi-gcc -c -D_LARGEFILE_SOURCE -D_LARGEFILE64_SOURCE -D_FILE_OFFSET_BITS=64   -Os  -D_GNU_SOURCE -D_LARGEFILE_SOURCE -D_LARGEFILE64_SOURCE -D_FILE_OFFSET_BITS=64 conftest.c >&5
configure:10385: $? = 0
configure:10400: /home/hliang/workspace/adi/buildroot/output/host/usr/bin/arm-linux-gnueabi-gcc -shared  -fPIC -DPIC conftest.o  -v -Wl,-soname -Wl,conftest -o conftest 2\>\&1 \| /bin/grep  -lc  \>/dev/null 2\>\&1
configure:10403: $? = 0
configure:10417: result: no
configure:10577: checking dynamic linker characteristics
configure:11158: /home/hliang/workspace/adi/buildroot/output/host/usr/bin/arm-linux-gnueabi-gcc -o conftest -D_LARGEFILE_SOURCE -D_LARGEFILE64_SOURCE -D_FILE_OFFSET_BITS=64   -Os  -D_GNU_SOURCE -D_LARGEFILE_SOURCE -D_LARGEFILE64_SOURCE -D_FILE_OFFSET_BITS=64  -lm -Wl,-rpath -Wl,/foo conftest.c  >&5
configure:11158: $? = 0
configure:11395: result: GNU/Linux ld.so
configure:11510: checking how to hardcode library paths into programs
configure:11535: result: immediate
configure:11637: checking for shl_load
configure:11637: /home/hliang/workspace/adi/buildroot/output/host/usr/bin/arm-linux-gnueabi-gcc -o conftest -D_LARGEFILE_SOURCE -D_LARGEFILE64_SOURCE -D_FILE_OFFSET_BITS=64   -Os  -D_GNU_SOURCE -D_LARGEFILE_SOURCE -D_LARGEFILE64_SOURCE -D_FILE_OFFSET_BITS=64  -lm conftest.c  >&5
/tmp/ccEzEOT8.o: In function `main':
conftest.c:(.text.startup+0x4): undefined reference to `shl_load'
collect2: error: ld returned 1 exit status
configure:11637: $? = 1
configure: failed program was:
| /* confdefs.h */
| #define PACKAGE_NAME "alsa-lib"
| #define PACKAGE_TARNAME "alsa-lib"
| #define PACKAGE_VERSION "1.0.28"
| #define PACKAGE_STRING "alsa-lib 1.0.28"
| #define PACKAGE_BUGREPORT ""
| #define PACKAGE_URL ""
| #define PACKAGE "alsa-lib"
| #define VERSION "1.0.28"
| #define STDC_HEADERS 1
| #define HAVE_SYS_TYPES_H 1
| #define HAVE_SYS_STAT_H 1
| #define HAVE_STDLIB_H 1
| #define HAVE_STRING_H 1
| #define HAVE_MEMORY_H 1
| #define HAVE_STRINGS_H 1
| #define HAVE_INTTYPES_H 1
| #define HAVE_STDINT_H 1
| #define HAVE_UNISTD_H 1
| #define HAVE_DLFCN_H 1
| #define LT_OBJDIR ".libs/"
| /* end confdefs.h.  */
| /* Define shl_load to an innocuous variant, in case <limits.h> declares shl_load.
|    For example, HP-UX 11i <limits.h> declares gettimeofday.  */
| #define shl_load innocuous_shl_load
| 
| /* System header to define __stub macros and hopefully few prototypes,
|     which can conflict with char shl_load (); below.
|     Prefer <limits.h> to <assert.h> if __STDC__ is defined, since
|     <limits.h> exists even on freestanding compilers.  */
| 
| #ifdef __STDC__
| # include <limits.h>
| #else
| # include <assert.h>
| #endif
| 
| #undef shl_load
| 
| /* Override any GCC internal prototype to avoid an error.
|    Use char because int might match the return type of a GCC
|    builtin and then its argument prototype would still apply.  */
| #ifdef __cplusplus
| extern "C"
| #endif
| char shl_load ();
| /* The GNU C library defines this for functions which it implements
|     to always fail with ENOSYS.  Some functions are actually named
|     something starting with __ and the normal name is an alias.  */
| #if defined __stub_shl_load || defined __stub___shl_load
| choke me
| #endif
| 
| int
| main ()
| {
| return shl_load ();
|   ;
|   return 0;
| }
configure:11637: result: no
configure:11641: checking for shl_load in -ldld
configure:11666: /home/hliang/workspace/adi/buildroot/output/host/usr/bin/arm-linux-gnueabi-gcc -o conftest -D_LARGEFILE_SOURCE -D_LARGEFILE64_SOURCE -D_FILE_OFFSET_BITS=64   -Os  -D_GNU_SOURCE -D_LARGEFILE_SOURCE -D_LARGEFILE64_SOURCE -D_FILE_OFFSET_BITS=64  -lm conftest.c -ldld   >&5
/opt/arm-linux-gnueabi/bin/../lib/gcc/arm-linux-gnueabi/4.8.3/../../../../arm-linux-gnueabi/bin/ld: cannot find -ldld
collect2: error: ld returned 1 exit status
configure:11666: $? = 1
configure: failed program was:
| /* confdefs.h */
| #define PACKAGE_NAME "alsa-lib"
| #define PACKAGE_TARNAME "alsa-lib"
| #define PACKAGE_VERSION "1.0.28"
| #define PACKAGE_STRING "alsa-lib 1.0.28"
| #define PACKAGE_BUGREPORT ""
| #define PACKAGE_URL ""
| #define PACKAGE "alsa-lib"
| #define VERSION "1.0.28"
| #define STDC_HEADERS 1
| #define HAVE_SYS_TYPES_H 1
| #define HAVE_SYS_STAT_H 1
| #define HAVE_STDLIB_H 1
| #define HAVE_STRING_H 1
| #define HAVE_MEMORY_H 1
| #define HAVE_STRINGS_H 1
| #define HAVE_INTTYPES_H 1
| #define HAVE_STDINT_H 1
| #define HAVE_UNISTD_H 1
| #define HAVE_DLFCN_H 1
| #define LT_OBJDIR ".libs/"
| /* end confdefs.h.  */
| 
| /* Override any GCC internal prototype to avoid an error.
|    Use char because int might match the return type of a GCC
|    builtin and then its argument prototype would still apply.  */
| #ifdef __cplusplus
| extern "C"
| #endif
| char shl_load ();
| int
| main ()
| {
| return shl_load ();
|   ;
|   return 0;
| }
configure:11675: result: no
configure:11680: checking for dlopen
configure:11680: /home/hliang/workspace/adi/buildroot/output/host/usr/bin/arm-linux-gnueabi-gcc -o conftest -D_LARGEFILE_SOURCE -D_LARGEFILE64_SOURCE -D_FILE_OFFSET_BITS=64   -Os  -D_GNU_SOURCE -D_LARGEFILE_SOURCE -D_LARGEFILE64_SOURCE -D_FILE_OFFSET_BITS=64  -lm conftest.c  >&5
/tmp/ccmkPAjn.o: In function `main':
conftest.c:(.text.startup+0x4): undefined reference to `dlopen'
collect2: error: ld returned 1 exit status
configure:11680: $? = 1
configure: failed program was:
| /* confdefs.h */
| #define PACKAGE_NAME "alsa-lib"
| #define PACKAGE_TARNAME "alsa-lib"
| #define PACKAGE_VERSION "1.0.28"
| #define PACKAGE_STRING "alsa-lib 1.0.28"
| #define PACKAGE_BUGREPORT ""
| #define PACKAGE_URL ""
| #define PACKAGE "alsa-lib"
| #define VERSION "1.0.28"
| #define STDC_HEADERS 1
| #define HAVE_SYS_TYPES_H 1
| #define HAVE_SYS_STAT_H 1
| #define HAVE_STDLIB_H 1
| #define HAVE_STRING_H 1
| #define HAVE_MEMORY_H 1
| #define HAVE_STRINGS_H 1
| #define HAVE_INTTYPES_H 1
| #define HAVE_STDINT_H 1
| #define HAVE_UNISTD_H 1
| #define HAVE_DLFCN_H 1
| #define LT_OBJDIR ".libs/"
| /* end confdefs.h.  */
| /* Define dlopen to an innocuous variant, in case <limits.h> declares dlopen.
|    For example, HP-UX 11i <limits.h> declares gettimeofday.  */
| #define dlopen innocuous_dlopen
| 
| /* System header to define __stub macros and hopefully few prototypes,
|     which can conflict with char dlopen (); below.
|     Prefer <limits.h> to <assert.h> if __STDC__ is defined, since
|     <limits.h> exists even on freestanding compilers.  */
| 
| #ifdef __STDC__
| # include <limits.h>
| #else
| # include <assert.h>
| #endif
| 
| #undef dlopen
| 
| /* Override any GCC internal prototype to avoid an error.
|    Use char because int might match the return type of a GCC
|    builtin and then its argument prototype would still apply.  */
| #ifdef __cplusplus
| extern "C"
| #endif
| char dlopen ();
| /* The GNU C library defines this for functions which it implements
|     to always fail with ENOSYS.  Some functions are actually named
|     something starting with __ and the normal name is an alias.  */
| #if defined __stub_dlopen || defined __stub___dlopen
| choke me
| #endif
| 
| int
| main ()
| {
| return dlopen ();
|   ;
|   return 0;
| }
configure:11680: result: no
configure:11684: checking for dlopen in -ldl
configure:11709: /home/hliang/workspace/adi/buildroot/output/host/usr/bin/arm-linux-gnueabi-gcc -o conftest -D_LARGEFILE_SOURCE -D_LARGEFILE64_SOURCE -D_FILE_OFFSET_BITS=64   -Os  -D_GNU_SOURCE -D_LARGEFILE_SOURCE -D_LARGEFILE64_SOURCE -D_FILE_OFFSET_BITS=64  -lm conftest.c -ldl   >&5
configure:11709: $? = 0
configure:11718: result: yes
configure:11837: checking whether a program can dlopen itself
configure:11938: result: cross
configure:12083: checking whether stripping libraries is possible
configure:12088: result: yes
configure:12123: checking if libtool supports shared libraries
configure:12125: result: yes
configure:12128: checking whether to build shared libraries
configure:12153: result: yes
configure:12156: checking whether to build static libraries
configure:12160: result: no
configure:12206: checking if /home/hliang/workspace/adi/buildroot/output/host/usr/bin/arm-linux-gnueabi-gcc supports -Wl,--no-undefined flag
configure:12217: /home/hliang/workspace/adi/buildroot/output/host/usr/bin/arm-linux-gnueabi-gcc -o conftest -D_LARGEFILE_SOURCE -D_LARGEFILE64_SOURCE -D_FILE_OFFSET_BITS=64   -Os  -D_GNU_SOURCE -D_LARGEFILE_SOURCE -D_LARGEFILE64_SOURCE -D_FILE_OFFSET_BITS=64  -lm -Wl,--no-undefined conftest.c  >&5
configure:12217: $? = 0
configure:12228: result: yes
configure:12243: checking for ANSI C header files
configure:12347: result: yes
configure:12358: checking for an ANSI C-conforming const
configure:12424: /home/hliang/workspace/adi/buildroot/output/host/usr/bin/arm-linux-gnueabi-gcc -c -D_LARGEFILE_SOURCE -D_LARGEFILE64_SOURCE -D_FILE_OFFSET_BITS=64   -Os  -D_GNU_SOURCE -D_LARGEFILE_SOURCE -D_LARGEFILE64_SOURCE -D_FILE_OFFSET_BITS=64 conftest.c >&5
configure:12424: $? = 0
configure:12431: result: yes
configure:12439: checking for inline
configure:12455: /home/hliang/workspace/adi/buildroot/output/host/usr/bin/arm-linux-gnueabi-gcc -c -D_LARGEFILE_SOURCE -D_LARGEFILE64_SOURCE -D_FILE_OFFSET_BITS=64   -Os  -D_GNU_SOURCE -D_LARGEFILE_SOURCE -D_LARGEFILE64_SOURCE -D_FILE_OFFSET_BITS=64 conftest.c >&5
configure:12455: $? = 0
configure:12463: result: inline
configure:12481: checking whether time.h and sys/time.h may both be included
configure:12501: /home/hliang/workspace/adi/buildroot/output/host/usr/bin/arm-linux-gnueabi-gcc -c -D_LARGEFILE_SOURCE -D_LARGEFILE64_SOURCE -D_FILE_OFFSET_BITS=64   -Os  -D_GNU_SOURCE -D_LARGEFILE_SOURCE -D_LARGEFILE64_SOURCE -D_FILE_OFFSET_BITS=64 conftest.c >&5
configure:12501: $? = 0
configure:12508: result: yes
configure:12518: checking whether /home/hliang/workspace/adi/buildroot/output/host/usr/bin/arm-linux-gnueabi-gcc needs -traditional
configure:12552: result: no
configure:12561: checking for uselocale
configure:12561: /home/hliang/workspace/adi/buildroot/output/host/usr/bin/arm-linux-gnueabi-gcc -o conftest -D_LARGEFILE_SOURCE -D_LARGEFILE64_SOURCE -D_FILE_OFFSET_BITS=64   -Os  -D_GNU_SOURCE -D_LARGEFILE_SOURCE -D_LARGEFILE64_SOURCE -D_FILE_OFFSET_BITS=64  -lm conftest.c  >&5
configure:12561: $? = 0
configure:12561: result: yes
configure:12571: checking for fork
configure:12571: /home/hliang/workspace/adi/buildroot/output/host/usr/bin/arm-linux-gnueabi-gcc -o conftest -D_LARGEFILE_SOURCE -D_LARGEFILE64_SOURCE -D_FILE_OFFSET_BITS=64   -Os  -D_GNU_SOURCE -D_LARGEFILE_SOURCE -D_LARGEFILE64_SOURCE -D_FILE_OFFSET_BITS=64  -lm conftest.c  >&5
conftest.c:49:6: warning: conflicting types for built-in function 'fork' [enabled by default]
 char fork ();
      ^
configure:12571: $? = 0
configure:12571: result: yes
configure:12578: checking for library version
configure:12603: result: major 1 minor 0 subminor 28 extrastr  extraver 1000000
configure:12694: checking for versioned symbols
configure:12728: result: no
configure:12740: checking for symbolic-functions
configure:12759: result: no
configure:12771: checking for custom symbol prefixes
configure:12784: result: 
configure:12787: checking for debug
configure:12798: result: yes
configure:12809: checking for debug assert
configure:12825: result: no
configure:12830: checking for tmpdir
configure:12840: result: /tmp
configure:12848: checking for softfloat
configure:12866: result: no
configure:12875: checking for libdl
configure:12887: checking for dlsym in -ldl
configure:12912: /home/hliang/workspace/adi/buildroot/output/host/usr/bin/arm-linux-gnueabi-gcc -o conftest -D_LARGEFILE_SOURCE -D_LARGEFILE64_SOURCE -D_FILE_OFFSET_BITS=64   -Os  -D_GNU_SOURCE -D_LARGEFILE_SOURCE -D_LARGEFILE64_SOURCE -D_FILE_OFFSET_BITS=64  -lm conftest.c -ldl   >&5
configure:12912: $? = 0
configure:12921: result: yes
configure:12946: checking for pthread
configure:12957: checking for pthread_join in -lpthread
configure:12982: /home/hliang/workspace/adi/buildroot/output/host/usr/bin/arm-linux-gnueabi-gcc -o conftest -D_LARGEFILE_SOURCE -D_LARGEFILE64_SOURCE -D_FILE_OFFSET_BITS=64   -Os  -D_GNU_SOURCE -D_LARGEFILE_SOURCE -D_LARGEFILE64_SOURCE -D_FILE_OFFSET_BITS=64  -lm conftest.c -lpthread   >&5
configure:12982: $? = 0
configure:12991: result: yes
configure:13008: checking for __thread
configure:13023: /home/hliang/workspace/adi/buildroot/output/host/usr/bin/arm-linux-gnueabi-gcc -o conftest -D_LARGEFILE_SOURCE -D_LARGEFILE64_SOURCE -D_FILE_OFFSET_BITS=64   -Os  -D_GNU_SOURCE -D_LARGEFILE_SOURCE -D_LARGEFILE64_SOURCE -D_FILE_OFFSET_BITS=64  -lm conftest.c  >&5
configure:13023: $? = 0
configure:13027: result: yes
configure:13036: checking for librt
configure:13047: checking for clock_gettime in -lrt
configure:13072: /home/hliang/workspace/adi/buildroot/output/host/usr/bin/arm-linux-gnueabi-gcc -o conftest -D_LARGEFILE_SOURCE -D_LARGEFILE64_SOURCE -D_FILE_OFFSET_BITS=64   -Os  -D_GNU_SOURCE -D_LARGEFILE_SOURCE -D_LARGEFILE64_SOURCE -D_FILE_OFFSET_BITS=64  -lm conftest.c -lrt   >&5
configure:13072: $? = 0
configure:13081: result: yes
configure:13106: checking wordexp.h usability
configure:13106: /home/hliang/workspace/adi/buildroot/output/host/usr/bin/arm-linux-gnueabi-gcc -c -D_LARGEFILE_SOURCE -D_LARGEFILE64_SOURCE -D_FILE_OFFSET_BITS=64   -Os  -D_GNU_SOURCE -D_LARGEFILE_SOURCE -D_LARGEFILE64_SOURCE -D_FILE_OFFSET_BITS=64 conftest.c >&5
configure:13106: $? = 0
configure:13106: result: yes
configure:13106: checking wordexp.h presence
configure:13106: /home/hliang/workspace/adi/buildroot/output/host/usr/bin/arm-linux-gnueabi-cpp -D_LARGEFILE_SOURCE -D_LARGEFILE64_SOURCE -D_FILE_OFFSET_BITS=64 conftest.c
configure:13106: $? = 0
configure:13106: result: yes
configure:13106: checking for wordexp.h
configure:13106: result: yes
configure:13106: checking endian.h usability
configure:13106: /home/hliang/workspace/adi/buildroot/output/host/usr/bin/arm-linux-gnueabi-gcc -c -D_LARGEFILE_SOURCE -D_LARGEFILE64_SOURCE -D_FILE_OFFSET_BITS=64   -Os  -D_GNU_SOURCE -D_LARGEFILE_SOURCE -D_LARGEFILE64_SOURCE -D_FILE_OFFSET_BITS=64 conftest.c >&5
configure:13106: $? = 0
configure:13106: result: yes
configure:13106: checking endian.h presence
configure:13106: /home/hliang/workspace/adi/buildroot/output/host/usr/bin/arm-linux-gnueabi-cpp -D_LARGEFILE_SOURCE -D_LARGEFILE64_SOURCE -D_FILE_OFFSET_BITS=64 conftest.c
configure:13106: $? = 0
configure:13106: result: yes
configure:13106: checking for endian.h
configure:13106: result: yes
configure:13106: checking sys/endian.h usability
configure:13106: /home/hliang/workspace/adi/buildroot/output/host/usr/bin/arm-linux-gnueabi-gcc -c -D_LARGEFILE_SOURCE -D_LARGEFILE64_SOURCE -D_FILE_OFFSET_BITS=64   -Os  -D_GNU_SOURCE -D_LARGEFILE_SOURCE -D_LARGEFILE64_SOURCE -D_FILE_OFFSET_BITS=64 conftest.c >&5
conftest.c:72:24: fatal error: sys/endian.h: No such file or directory
 #include <sys/endian.h>
                        ^
compilation terminated.
configure:13106: $? = 1
configure: failed program was:
| /* confdefs.h */
| #define PACKAGE_NAME "alsa-lib"
| #define PACKAGE_TARNAME "alsa-lib"
| #define PACKAGE_VERSION "1.0.28"
| #define PACKAGE_STRING "alsa-lib 1.0.28"
| #define PACKAGE_BUGREPORT ""
| #define PACKAGE_URL ""
| #define PACKAGE "alsa-lib"
| #define VERSION "1.0.28"
| #define STDC_HEADERS 1
| #define HAVE_SYS_TYPES_H 1
| #define HAVE_SYS_STAT_H 1
| #define HAVE_STDLIB_H 1
| #define HAVE_STRING_H 1
| #define HAVE_MEMORY_H 1
| #define HAVE_STRINGS_H 1
| #define HAVE_INTTYPES_H 1
| #define HAVE_STDINT_H 1
| #define HAVE_UNISTD_H 1
| #define HAVE_DLFCN_H 1
| #define LT_OBJDIR ".libs/"
| #define STDC_HEADERS 1
| #define TIME_WITH_SYS_TIME 1
| #define HAVE_USELOCALE 1
| #define VERSION "1.0.28"
| #define ALSA_CONFIG_DIR "/usr/share/alsa"
| #define ALSA_PLUGIN_DIR "/usr/lib/alsa-lib"
| #define ALSA_PKGCONF_DIR "/usr/lib/pkgconfig"
| #define __SYMBOL_PREFIX ""
| #define TMPDIR "/tmp"
| #define HAVE_LIBDL 1
| #define HAVE_LIBPTHREAD 1
| #define HAVE___THREAD 1
| #define HAVE_LIBRT 1
| #define HAVE_CLOCK_GETTIME 1
| #define HAVE_WORDEXP_H 1
| #define HAVE_ENDIAN_H 1
| /* end confdefs.h.  */
| #include <stdio.h>
| #ifdef HAVE_SYS_TYPES_H
| # include <sys/types.h>
| #endif
| #ifdef HAVE_SYS_STAT_H
| # include <sys/stat.h>
| #endif
| #ifdef STDC_HEADERS
| # include <stdlib.h>
| # include <stddef.h>
| #else
| # ifdef HAVE_STDLIB_H
| #  include <stdlib.h>
| # endif
| #endif
| #ifdef HAVE_STRING_H
| # if !defined STDC_HEADERS && defined HAVE_MEMORY_H
| #  include <memory.h>
| # endif
| # include <string.h>
| #endif
| #ifdef HAVE_STRINGS_H
| # include <strings.h>
| #endif
| #ifdef HAVE_INTTYPES_H
| # include <inttypes.h>
| #endif
| #ifdef HAVE_STDINT_H
| # include <stdint.h>
| #endif
| #ifdef HAVE_UNISTD_H
| # include <unistd.h>
| #endif
| #include <sys/endian.h>
configure:13106: result: no
configure:13106: checking sys/endian.h presence
configure:13106: /home/hliang/workspace/adi/buildroot/output/host/usr/bin/arm-linux-gnueabi-cpp -D_LARGEFILE_SOURCE -D_LARGEFILE64_SOURCE -D_FILE_OFFSET_BITS=64 conftest.c
conftest.c:39:24: fatal error: sys/endian.h: No such file or directory
 #include <sys/endian.h>
                        ^
compilation terminated.
configure:13106: $? = 1
configure: failed program was:
| /* confdefs.h */
| #define PACKAGE_NAME "alsa-lib"
| #define PACKAGE_TARNAME "alsa-lib"
| #define PACKAGE_VERSION "1.0.28"
| #define PACKAGE_STRING "alsa-lib 1.0.28"
| #define PACKAGE_BUGREPORT ""
| #define PACKAGE_URL ""
| #define PACKAGE "alsa-lib"
| #define VERSION "1.0.28"
| #define STDC_HEADERS 1
| #define HAVE_SYS_TYPES_H 1
| #define HAVE_SYS_STAT_H 1
| #define HAVE_STDLIB_H 1
| #define HAVE_STRING_H 1
| #define HAVE_MEMORY_H 1
| #define HAVE_STRINGS_H 1
| #define HAVE_INTTYPES_H 1
| #define HAVE_STDINT_H 1
| #define HAVE_UNISTD_H 1
| #define HAVE_DLFCN_H 1
| #define LT_OBJDIR ".libs/"
| #define STDC_HEADERS 1
| #define TIME_WITH_SYS_TIME 1
| #define HAVE_USELOCALE 1
| #define VERSION "1.0.28"
| #define ALSA_CONFIG_DIR "/usr/share/alsa"
| #define ALSA_PLUGIN_DIR "/usr/lib/alsa-lib"
| #define ALSA_PKGCONF_DIR "/usr/lib/pkgconfig"
| #define __SYMBOL_PREFIX ""
| #define TMPDIR "/tmp"
| #define HAVE_LIBDL 1
| #define HAVE_LIBPTHREAD 1
| #define HAVE___THREAD 1
| #define HAVE_LIBRT 1
| #define HAVE_CLOCK_GETTIME 1
| #define HAVE_WORDEXP_H 1
| #define HAVE_ENDIAN_H 1
| /* end confdefs.h.  */
| #include <sys/endian.h>
configure:13106: result: no
configure:13106: checking for sys/endian.h
configure:13106: result: no
configure:13117: checking for resmgr support
configure:13126: result: no
configure:13181: checking for aload* support
configure:13190: result: yes
configure:13198: checking for ALSA device file directory
configure:13216: result: /dev/snd/
configure:13219: checking for aload* device file directory
configure:13237: result: /dev/
configure:13456: checking whether GCC supports builtin atomic intrinsics
configure:13474: /home/hliang/workspace/adi/buildroot/output/host/usr/bin/arm-linux-gnueabi-gcc -o conftest -D_LARGEFILE_SOURCE -D_LARGEFILE64_SOURCE -D_FILE_OFFSET_BITS=64   -Os  -D_GNU_SOURCE -D_LARGEFILE_SOURCE -D_LARGEFILE64_SOURCE -D_FILE_OFFSET_BITS=64  -lm conftest.c  >&5
configure:13474: $? = 0
configure:13482: result: yes
configure:13861: checking for max number of cards
configure:13871: result: 32
configure:14002: checking that generated files are newer than configure
configure:14008: result: done
configure:14211: creating ./config.status

## ---------------------- ##
## Running config.status. ##
## ---------------------- ##

This file was extended by alsa-lib config.status 1.0.28, which was
generated by GNU Autoconf 2.69.  Invocation command line was

  CONFIG_FILES    = 
  CONFIG_HEADERS  = 
  CONFIG_LINKS    = 
  CONFIG_COMMANDS = 
  $ ./config.status 

on ubuntu

config.status:1257: creating Makefile
config.status:1257: creating doc/Makefile
config.status:1257: creating doc/pictures/Makefile
config.status:1257: creating doc/doxygen.cfg
config.status:1257: creating include/Makefile
config.status:1257: creating include/sound/Makefile
config.status:1257: creating src/Versions
config.status:1257: creating src/Makefile
config.status:1257: creating src/control/Makefile
config.status:1257: creating src/mixer/Makefile
config.status:1257: creating src/pcm/Makefile
config.status:1257: creating src/pcm/scopes/Makefile
config.status:1257: creating src/rawmidi/Makefile
config.status:1257: creating src/timer/Makefile
config.status:1257: creating src/hwdep/Makefile
config.status:1257: creating src/seq/Makefile
config.status:1257: creating src/ucm/Makefile
config.status:1257: creating src/alisp/Makefile
config.status:1257: creating src/conf/Makefile
config.status:1257: creating src/conf/alsa.conf.d/Makefile
config.status:1257: creating src/conf/cards/Makefile
config.status:1257: creating src/conf/pcm/Makefile
config.status:1257: creating src/conf/ucm/Makefile
config.status:1257: creating src/conf/ucm/DAISY-I2S/Makefile
config.status:1257: creating src/conf/ucm/PandaBoard/Makefile
config.status:1257: creating src/conf/ucm/PandaBoardES/Makefile
config.status:1257: creating src/conf/ucm/SDP4430/Makefile
config.status:1257: creating src/conf/ucm/tegraalc5632/Makefile
config.status:1257: creating modules/Makefile
config.status:1257: creating modules/mixer/Makefile
config.status:1257: creating modules/mixer/simple/Makefile
config.status:1257: creating alsalisp/Makefile
config.status:1257: creating aserver/Makefile
config.status:1257: creating test/Makefile
config.status:1257: creating test/lsb/Makefile
config.status:1257: creating utils/Makefile
config.status:1257: creating utils/alsa-lib.spec
config.status:1257: creating utils/alsa.pc
config.status:1257: creating include/config.h
config.status:1486: executing depfiles commands
config.status:1486: executing libtool commands
configure:16378: WARNING: unrecognized options: --disable-gtk-doc, --disable-gtk-doc-html, --disable-doc, --disable-docs, --disable-documentation, --with-xmlto, --with-fop, --enable-ipv6, --disable-debug

## ---------------- ##
## Cache variables. ##
## ---------------- ##

ac_cv_build=x86_64-unknown-linux-gnu
ac_cv_c_bigendian=no
ac_cv_c_compiler_gnu=yes
ac_cv_c_const=yes
ac_cv_c_inline=inline
ac_cv_env_CC_set=set
ac_cv_env_CC_value=/home/hliang/workspace/adi/buildroot/output/host/usr/bin/arm-linux-gnueabi-gcc
ac_cv_env_CFLAGS_set=set
ac_cv_env_CFLAGS_value='-D_LARGEFILE_SOURCE -D_LARGEFILE64_SOURCE -D_FILE_OFFSET_BITS=64   -Os '
ac_cv_env_CPPFLAGS_set=set
ac_cv_env_CPPFLAGS_value='-D_LARGEFILE_SOURCE -D_LARGEFILE64_SOURCE -D_FILE_OFFSET_BITS=64'
ac_cv_env_CPP_set=set
ac_cv_env_CPP_value=/home/hliang/workspace/adi/buildroot/output/host/usr/bin/arm-linux-gnueabi-cpp
ac_cv_env_LDFLAGS_set=set
ac_cv_env_LDFLAGS_value=' -lm'
ac_cv_env_LIBS_set=
ac_cv_env_LIBS_value=
ac_cv_env_LT_SYS_LIBRARY_PATH_set=
ac_cv_env_LT_SYS_LIBRARY_PATH_value=
ac_cv_env_build_alias_set=set
ac_cv_env_build_alias_value=x86_64-unknown-linux-gnu
ac_cv_env_host_alias_set=set
ac_cv_env_host_alias_value=arm-buildroot-linux-gnueabihf
ac_cv_env_target_alias_set=set
ac_cv_env_target_alias_value=arm-buildroot-linux-gnueabihf
ac_cv_func_calloc_0_nonnull=yes
ac_cv_func_dlopen=no
ac_cv_func_fork=yes
ac_cv_func_malloc_0_nonnull=yes
ac_cv_func_memcmp_working=yes
ac_cv_func_mmap_fixed_mapped=yes
ac_cv_func_realloc_0_nonnull=yes
ac_cv_func_shl_load=no
ac_cv_func_uselocale=yes
ac_cv_have_decl_malloc=yes
ac_cv_header_dlfcn_h=yes
ac_cv_header_endian_h=yes
ac_cv_header_inttypes_h=yes
ac_cv_header_memory_h=yes
ac_cv_header_stdc=yes
ac_cv_header_stdint_h=yes
ac_cv_header_stdlib_h=yes
ac_cv_header_string_h=yes
ac_cv_header_strings_h=yes
ac_cv_header_sys_endian_h=no
ac_cv_header_sys_stat_h=yes
ac_cv_header_sys_types_h=yes
ac_cv_header_time=yes
ac_cv_header_unistd_h=yes
ac_cv_header_wordexp_h=yes
ac_cv_host=arm-buildroot-linux-gnueabihf
ac_cv_lbl_unaligned_fail=yes
ac_cv_lib_dl_dlopen=yes
ac_cv_lib_dl_dlsym=yes
ac_cv_lib_dld_shl_load=no
ac_cv_lib_pthread_pthread_join=yes
ac_cv_lib_rt_clock_gettime=yes
ac_cv_objext=o
ac_cv_path_EGREP='/bin/grep -E'
ac_cv_path_FGREP='/bin/grep -F'
ac_cv_path_GREP=/bin/grep
ac_cv_path_SED=/bin/sed
ac_cv_path_install='/usr/bin/install -c'
ac_cv_path_lt_DD=/bin/dd
ac_cv_path_mkdir=/bin/mkdir
ac_cv_prog_AR=/home/hliang/workspace/adi/buildroot/output/host/usr/bin/arm-linux-gnueabi-ar
ac_cv_prog_AWK=mawk
ac_cv_prog_CC=/home/hliang/workspace/adi/buildroot/output/host/usr/bin/arm-linux-gnueabi-gcc
ac_cv_prog_CPP=/home/hliang/workspace/adi/buildroot/output/host/usr/bin/arm-linux-gnueabi-cpp
ac_cv_prog_OBJDUMP=/home/hliang/workspace/adi/buildroot/output/host/usr/bin/arm-linux-gnueabi-objdump
ac_cv_prog_RANLIB=/home/hliang/workspace/adi/buildroot/output/host/usr/bin/arm-linux-gnueabi-ranlib
ac_cv_prog_STRIP=/home/hliang/workspace/adi/buildroot/output/host/usr/bin/arm-linux-gnueabi-strip
ac_cv_prog_ac_ct_MANIFEST_TOOL=mt
ac_cv_prog_cc_c89=
ac_cv_prog_cc_g=yes
ac_cv_prog_gcc_traditional=no
ac_cv_prog_make_make_set=yes
am_cv_CC_dependencies_compiler_type=none
am_cv_make_support_nested_variables=yes
am_cv_prog_cc_c_o=yes
cc_cv_ldflags__Wl___no_undefined=yes
gl_cv_func_malloc_0_nonnull=yes
lt_cv_ar_at_file=@
lt_cv_archive_cmds_need_lc=no
lt_cv_deplibs_check_method=pass_all
lt_cv_dlopen=dlopen
lt_cv_dlopen_libs=-ldl
lt_cv_dlopen_self=cross
lt_cv_file_magic_cmd='$MAGIC_CMD'
lt_cv_file_magic_test_file=
lt_cv_ld_reload_flag=-r
lt_cv_nm_interface='BSD nm'
lt_cv_objdir=.libs
lt_cv_path_LD=/home/hliang/workspace/adi/buildroot/output/host/usr/bin/arm-linux-gnueabi-ld
lt_cv_path_NM=/home/hliang/workspace/adi/buildroot/output/host/usr/bin/arm-linux-gnueabi-nm
lt_cv_path_mainfest_tool=no
lt_cv_prog_compiler_c_o=yes
lt_cv_prog_compiler_pic='-fPIC -DPIC'
lt_cv_prog_compiler_pic_works=yes
lt_cv_prog_compiler_rtti_exceptions=no
lt_cv_prog_compiler_static_works=yes
lt_cv_prog_gnu_ld=yes
lt_cv_sharedlib_from_linklib_cmd='printf %s\n'
lt_cv_shlibpath_overrides_runpath=no
lt_cv_sys_global_symbol_pipe='sed -n -e '\''s/^.*[	 ]\([ABCDGIRSTW][ABCDGIRSTW]*\)[	 ][	 ]*\([_A-Za-z][_A-Za-z0-9]*\)$/\1 \2 \2/p'\'' | sed '\''/ __gnu_lto/d'\'''
lt_cv_sys_global_symbol_to_c_name_address='sed -n -e '\''s/^: \(.*\) .*$/  {"\1", (void *) 0},/p'\'' -e '\''s/^[ABCDGIRSTW][ABCDGIRSTW]* .* \(.*\)$/  {"\1", (void *) \&\1},/p'\'''
lt_cv_sys_global_symbol_to_c_name_address_lib_prefix='sed -n -e '\''s/^: \(.*\) .*$/  {"\1", (void *) 0},/p'\'' -e '\''s/^[ABCDGIRSTW][ABCDGIRSTW]* .* \(lib.*\)$/  {"\1", (void *) \&\1},/p'\'' -e '\''s/^[ABCDGIRSTW][ABCDGIRSTW]* .* \(.*\)$/  {"lib\1", (void *) \&\1},/p'\'''
lt_cv_sys_global_symbol_to_cdecl='sed -n -e '\''s/^T .* \(.*\)$/extern int \1();/p'\'' -e '\''s/^[ABCDGIRSTW][ABCDGIRSTW]* .* \(.*\)$/extern char \1;/p'\'''
lt_cv_sys_global_symbol_to_import=
lt_cv_sys_lib_dlsearch_path_spec='/lib /usr/lib /usr/lib/i386-linux-gnu/mesa /lib/i386-linux-gnu /usr/lib/i386-linux-gnu /lib/i686-linux-gnu /usr/lib/i686-linux-gnu /usr/local/lib /lib/x86_64-linux-gnu /usr/lib/x86_64-linux-gnu /usr/lib/x86_64-linux-gnu/mesa-egl /usr/lib/x86_64-linux-gnu/mesa '
lt_cv_sys_lib_search_path_spec=
lt_cv_sys_max_cmd_len=3458764513820540925
lt_cv_to_host_file_cmd=func_convert_file_noop
lt_cv_to_tool_file_cmd=func_convert_file_noop
lt_cv_truncate_bin='/bin/dd bs=4096 count=1'

## ----------------- ##
## Output variables. ##
## ----------------- ##

ACLOCAL='${SHELL} /home/hliang/workspace/adi/buildroot/output/build/alsa-lib-1.0.28/missing aclocal-1.15'
ALSA_CONFIG_DIR='/usr/share/alsa'
ALSA_DEPLIBS='-lm -ldl -lpthread -lrt'
ALSA_PKGCONF_DIR='/usr/lib/pkgconfig'
ALSA_PLUGIN_DIR='/usr/lib/alsa-lib'
AMDEPBACKSLASH=''
AMDEP_FALSE=''
AMDEP_TRUE='#'
AMTAR='$${TAR-tar}'
AM_BACKSLASH='\'
AM_DEFAULT_V='$(AM_DEFAULT_VERBOSITY)'
AM_DEFAULT_VERBOSITY='0'
AM_V='$(V)'
AR='/home/hliang/workspace/adi/buildroot/output/host/usr/bin/arm-linux-gnueabi-ar'
AUTOCONF='${SHELL} /home/hliang/workspace/adi/buildroot/output/build/alsa-lib-1.0.28/missing autoconf'
AUTOHEADER='${SHELL} /home/hliang/workspace/adi/buildroot/output/build/alsa-lib-1.0.28/missing autoheader'
AUTOMAKE='${SHELL} /home/hliang/workspace/adi/buildroot/output/build/alsa-lib-1.0.28/missing automake-1.15'
AWK='mawk'
BUILD_ALISP_FALSE='#'
BUILD_ALISP_TRUE=''
BUILD_CTL_PLUGIN_EXT_FALSE='#'
BUILD_CTL_PLUGIN_EXT_TRUE=''
BUILD_CTL_PLUGIN_FALSE='#'
BUILD_CTL_PLUGIN_SHM_FALSE='#'
BUILD_CTL_PLUGIN_SHM_TRUE=''
BUILD_CTL_PLUGIN_TRUE=''
BUILD_HWDEP_FALSE='#'
BUILD_HWDEP_TRUE=''
BUILD_MIXER_FALSE='#'
BUILD_MIXER_TRUE=''
BUILD_MODULES_FALSE='#'
BUILD_MODULES_TRUE=''
BUILD_PCM_FALSE='#'
BUILD_PCM_PLUGIN_ADPCM_FALSE='#'
BUILD_PCM_PLUGIN_ADPCM_TRUE=''
BUILD_PCM_PLUGIN_ALAW_FALSE='#'
BUILD_PCM_PLUGIN_ALAW_TRUE=''
BUILD_PCM_PLUGIN_ASYM_FALSE='#'
BUILD_PCM_PLUGIN_ASYM_TRUE=''
BUILD_PCM_PLUGIN_COPY_FALSE='#'
BUILD_PCM_PLUGIN_COPY_TRUE=''
BUILD_PCM_PLUGIN_DMIX_FALSE='#'
BUILD_PCM_PLUGIN_DMIX_TRUE=''
BUILD_PCM_PLUGIN_DSHARE_FALSE='#'
BUILD_PCM_PLUGIN_DSHARE_TRUE=''
BUILD_PCM_PLUGIN_DSNOOP_FALSE='#'
BUILD_PCM_PLUGIN_DSNOOP_TRUE=''
BUILD_PCM_PLUGIN_EMPTY_FALSE='#'
BUILD_PCM_PLUGIN_EMPTY_TRUE=''
BUILD_PCM_PLUGIN_EXTPLUG_FALSE='#'
BUILD_PCM_PLUGIN_EXTPLUG_TRUE=''
BUILD_PCM_PLUGIN_FALSE='#'
BUILD_PCM_PLUGIN_FILE_FALSE='#'
BUILD_PCM_PLUGIN_FILE_TRUE=''
BUILD_PCM_PLUGIN_HOOKS_FALSE='#'
BUILD_PCM_PLUGIN_HOOKS_TRUE=''
BUILD_PCM_PLUGIN_IEC958_FALSE='#'
BUILD_PCM_PLUGIN_IEC958_TRUE=''
BUILD_PCM_PLUGIN_IOPLUG_FALSE='#'
BUILD_PCM_PLUGIN_IOPLUG_TRUE=''
BUILD_PCM_PLUGIN_LADSPA_FALSE='#'
BUILD_PCM_PLUGIN_LADSPA_TRUE=''
BUILD_PCM_PLUGIN_LFLOAT_FALSE='#'
BUILD_PCM_PLUGIN_LFLOAT_TRUE=''
BUILD_PCM_PLUGIN_LINEAR_FALSE='#'
BUILD_PCM_PLUGIN_LINEAR_TRUE=''
BUILD_PCM_PLUGIN_METER_FALSE='#'
BUILD_PCM_PLUGIN_METER_TRUE=''
BUILD_PCM_PLUGIN_MMAP_EMUL_FALSE='#'
BUILD_PCM_PLUGIN_MMAP_EMUL_TRUE=''
BUILD_PCM_PLUGIN_MULAW_FALSE='#'
BUILD_PCM_PLUGIN_MULAW_TRUE=''
BUILD_PCM_PLUGIN_MULTI_FALSE='#'
BUILD_PCM_PLUGIN_MULTI_TRUE=''
BUILD_PCM_PLUGIN_NULL_FALSE='#'
BUILD_PCM_PLUGIN_NULL_TRUE=''
BUILD_PCM_PLUGIN_PLUG_FALSE='#'
BUILD_PCM_PLUGIN_PLUG_TRUE=''
BUILD_PCM_PLUGIN_RATE_FALSE='#'
BUILD_PCM_PLUGIN_RATE_TRUE=''
BUILD_PCM_PLUGIN_ROUTE_FALSE='#'
BUILD_PCM_PLUGIN_ROUTE_TRUE=''
BUILD_PCM_PLUGIN_SHARE_FALSE='#'
BUILD_PCM_PLUGIN_SHARE_TRUE=''
BUILD_PCM_PLUGIN_SHM_FALSE='#'
BUILD_PCM_PLUGIN_SHM_TRUE=''
BUILD_PCM_PLUGIN_SOFTVOL_FALSE='#'
BUILD_PCM_PLUGIN_SOFTVOL_TRUE=''
BUILD_PCM_PLUGIN_TRUE=''
BUILD_PCM_TRUE=''
BUILD_PYTHON_FALSE=''
BUILD_PYTHON_TRUE='#'
BUILD_RAWMIDI_FALSE='#'
BUILD_RAWMIDI_TRUE=''
BUILD_SEQ_FALSE='#'
BUILD_SEQ_TRUE=''
BUILD_UCM_FALSE='#'
BUILD_UCM_TRUE=''
CC='/home/hliang/workspace/adi/buildroot/output/host/usr/bin/arm-linux-gnueabi-gcc'
CCDEPMODE='depmode=none'
CFLAGS='-D_LARGEFILE_SOURCE -D_LARGEFILE64_SOURCE -D_FILE_OFFSET_BITS=64   -Os  -D_GNU_SOURCE'
CPP='/home/hliang/workspace/adi/buildroot/output/host/usr/bin/arm-linux-gnueabi-cpp'
CPPFLAGS='-D_LARGEFILE_SOURCE -D_LARGEFILE64_SOURCE -D_FILE_OFFSET_BITS=64'
CYGPATH_W='echo'
DEFS='-DHAVE_CONFIG_H'
DEPDIR='.deps'
DLLTOOL='false'
DSYMUTIL=''
DUMPBIN=''
ECHO_C=''
ECHO_N='-n'
ECHO_T=''
EGREP='/bin/grep -E'
EXEEXT=''
FGREP='/bin/grep -F'
GREP='/bin/grep'
INSTALL_DATA='${INSTALL} -m 644'
INSTALL_M4_FALSE='#'
INSTALL_M4_TRUE=''
INSTALL_PROGRAM='${INSTALL}'
INSTALL_SCRIPT='${INSTALL}'
INSTALL_STRIP_PROGRAM='$(install_sh) -c -s'
KEEP_OLD_SYMBOLS_FALSE='#'
KEEP_OLD_SYMBOLS_TRUE=''
LD='/home/hliang/workspace/adi/buildroot/output/host/usr/bin/arm-linux-gnueabi-ld'
LDFLAGS=' -lm'
LDFLAGS_NOUNDEFINED='-Wl,--no-undefined'
LIBOBJS=''
LIBS=''
LIBTOOL='$(SHELL) $(top_builddir)/libtool'
LIBTOOL_VERSION_INFO='2:0:0'
LIPO=''
LN_S='ln -s'
LTLIBOBJS=''
LT_SYS_LIBRARY_PATH=''
MAINT=''
MAINTAINER_MODE_FALSE='#'
MAINTAINER_MODE_TRUE=''
MAKEINFO='${SHELL} /home/hliang/workspace/adi/buildroot/output/build/alsa-lib-1.0.28/missing makeinfo'
MANIFEST_TOOL=':'
MKDIR_P='/bin/mkdir -p'
NM='/home/hliang/workspace/adi/buildroot/output/host/usr/bin/arm-linux-gnueabi-nm'
NMEDIT=''
OBJDUMP='/home/hliang/workspace/adi/buildroot/output/host/usr/bin/arm-linux-gnueabi-objdump'
OBJEXT='o'
OTOOL64=''
OTOOL=''
PACKAGE='alsa-lib'
PACKAGE_BUGREPORT=''
PACKAGE_NAME='alsa-lib'
PACKAGE_STRING='alsa-lib 1.0.28'
PACKAGE_TARNAME='alsa-lib'
PACKAGE_URL=''
PACKAGE_VERSION='1.0.28'
PATH_SEPARATOR=':'
PYTHON_INCLUDES=''
PYTHON_LIBS=''
RANLIB='/home/hliang/workspace/adi/buildroot/output/host/usr/bin/arm-linux-gnueabi-ranlib'
SED='/bin/sed'
SET_MAKE=''
SHELL='/bin/bash'
SND_LIB_EXTRAVER='1000000'
SND_LIB_MAJOR='1'
SND_LIB_MINOR='0'
SND_LIB_SUBMINOR='28'
SND_LIB_VERSION='1.0.28'
STRIP='/home/hliang/workspace/adi/buildroot/output/host/usr/bin/arm-linux-gnueabi-strip'
SYMBOLIC_FUNCTIONS_FALSE=''
SYMBOLIC_FUNCTIONS_TRUE='#'
SYMBOL_PREFIX=''
VERSION='1.0.28'
VERSIONED_SYMBOLS_FALSE=''
VERSIONED_SYMBOLS_TRUE='#'
ac_ct_AR=''
ac_ct_CC=''
ac_ct_DUMPBIN=''
am__EXEEXT_FALSE=''
am__EXEEXT_TRUE='#'
am__fastdepCC_FALSE=''
am__fastdepCC_TRUE='#'
am__include='include'
am__isrc=''
am__leading_dot='.'
am__nodep=''
am__quote=''
am__tar='$${TAR-tar} chof - "$$tardir"'
am__untar='$${TAR-tar} xf -'
bindir='${exec_prefix}/bin'
build='x86_64-unknown-linux-gnu'
build_alias='x86_64-unknown-linux-gnu'
build_cpu='x86_64'
build_os='linux-gnu'
build_vendor='unknown'
datadir='${datarootdir}'
datarootdir='${prefix}/share'
docdir='${datarootdir}/doc/${PACKAGE_TARNAME}'
dvidir='${docdir}'
exec_prefix='/usr'
host='arm-buildroot-linux-gnueabihf'
host_alias='arm-buildroot-linux-gnueabihf'
host_cpu='arm'
host_os='linux-gnueabihf'
host_vendor='buildroot'
htmldir='${docdir}'
includedir='${prefix}/include'
infodir='${datarootdir}/info'
install_sh='${SHELL} /home/hliang/workspace/adi/buildroot/output/build/alsa-lib-1.0.28/install-sh'
libdir='${exec_prefix}/lib'
libexecdir='${exec_prefix}/libexec'
localedir='${datarootdir}/locale'
localstatedir='/var'
mandir='${datarootdir}/man'
mkdir_p='$(MKDIR_P)'
oldincludedir='/usr/include'
pdfdir='${docdir}'
prefix='/usr'
program_transform_name='s&^&&'
psdir='${docdir}'
sbindir='${exec_prefix}/sbin'
sharedstatedir='${prefix}/com'
sysconfdir='/etc'
target_alias='arm-buildroot-linux-gnueabihf'

## ----------- ##
## confdefs.h. ##
## ----------- ##

/* confdefs.h */
#define PACKAGE_NAME "alsa-lib"
#define PACKAGE_TARNAME "alsa-lib"
#define PACKAGE_VERSION "1.0.28"
#define PACKAGE_STRING "alsa-lib 1.0.28"
#define PACKAGE_BUGREPORT ""
#define PACKAGE_URL ""
#define PACKAGE "alsa-lib"
#define VERSION "1.0.28"
#define STDC_HEADERS 1
#define HAVE_SYS_TYPES_H 1
#define HAVE_SYS_STAT_H 1
#define HAVE_STDLIB_H 1
#define HAVE_STRING_H 1
#define HAVE_MEMORY_H 1
#define HAVE_STRINGS_H 1
#define HAVE_INTTYPES_H 1
#define HAVE_STDINT_H 1
#define HAVE_UNISTD_H 1
#define HAVE_DLFCN_H 1
#define LT_OBJDIR ".libs/"
#define STDC_HEADERS 1
#define TIME_WITH_SYS_TIME 1
#define HAVE_USELOCALE 1
#define VERSION "1.0.28"
#define ALSA_CONFIG_DIR "/usr/share/alsa"
#define ALSA_PLUGIN_DIR "/usr/lib/alsa-lib"
#define ALSA_PKGCONF_DIR "/usr/lib/pkgconfig"
#define __SYMBOL_PREFIX ""
#define TMPDIR "/tmp"
#define HAVE_LIBDL 1
#define HAVE_LIBPTHREAD 1
#define HAVE___THREAD 1
#define HAVE_LIBRT 1
#define HAVE_CLOCK_GETTIME 1
#define HAVE_WORDEXP_H 1
#define HAVE_ENDIAN_H 1
#define SUPPORT_ALOAD "1"
#define ALSA_DEVICE_DIRECTORY "/dev/snd/"
#define ALOAD_DEVICE_DIRECTORY "/dev/"
#define BUILD_MIXER "1"
#define BUILD_PCM "1"
#define BUILD_RAWMIDI "1"
#define BUILD_HWDEP "1"
#define BUILD_SEQ "1"
#define BUILD_UCM "1"
#define BUILD_PCM_PLUGIN_RATE "1"
#define BUILD_PCM_PLUGIN_ROUTE "1"
#define BUILD_PCM_PLUGIN_LFLOAT "1"
#define BUILD_PCM_PLUGIN_ADPCM "1"
#define BUILD_PCM_PLUGIN_MULAW "1"
#define BUILD_PCM_PLUGIN_ALAW "1"
#define BUILD_PCM_PLUGIN_MMAP_EMUL "1"
#define SND_MAX_CARDS 32

configure: exit 0
